0 info it worked if it ends with ok
1 verbose cli [ 'node', '/usr/local/bin/npm', 'run', 'gen2' ]
2 info using npm@1.4.28
3 info using node@v0.10.32
4 verbose run-script [ 'pregen2', 'gen2', 'postgen2' ]
5 info pregen2 dmd-carpeta2html@1.0.0
6 info gen2 dmd-carpeta2html@1.0.0
7 verbose unsafe-perm in lifecycle true
8 info dmd-carpeta2html@1.0.0 Failed to exec gen2 script
9 error dmd-carpeta2html@1.0.0 gen2: `node html-gen2.js`
9 error Exit status 8
10 error Failed at the dmd-carpeta2html@1.0.0 gen2 script.
10 error This is most likely a problem with the dmd-carpeta2html package,
10 error not with npm itself.
10 error Tell the author that this fails on your system:
10 error     node html-gen2.js
10 error You can get their info via:
10 error     npm owner ls dmd-carpeta2html
10 error There is likely additional logging output above.
11 error System Darwin 14.5.0
12 error command "node" "/usr/local/bin/npm" "run" "gen2"
13 error cwd /Users/lf/Documents/temp/DMD-carpeta2html
14 error node -v v0.10.32
15 error npm -v 1.4.28
16 error code ELIFECYCLE
17 verbose exit [ 1, true ]
